<?xml version="1.0" encoding="UTF-8"?>
<testng-results ignored="0" total="1" passed="1" failed="0" skipped="0">
  <reporter-output>
  </reporter-output>
  <suite started-at="2025-03-23T10:03:15 IST" name="Default suite" finished-at="2025-03-23T10:03:18 IST" duration-ms="2875">
    <groups>
      <group name="cucumber">
        <method signature="AbstractTestNGCucumberTests.runScenario(io.cucumber.testng.PickleWrapper,io.cucumber.testng.FeatureWrapper)[pri:0, instance:cucumberOptionsRunner.TestRunner@43b6123e]" name="runScenario" class="io.cucumber.testng.AbstractTestNGCucumberTests"/>
      </group> <!-- cucumber -->
    </groups>
    <test started-at="2025-03-23T10:03:15 IST" name="Default test" finished-at="2025-03-23T10:03:18 IST" duration-ms="2875">
      <class name="cucumberOptionsRunner.TestRunner">
        <test-method is-config="true" signature="setUpClass(org.testng.ITestContext)[pri:0, instance:cucumberOptionsRunner.TestRunner@43b6123e]" started-at="2025-03-23T10:03:15 IST" name="setUpClass" finished-at="2025-03-23T10:03:17 IST" duration-ms="2004" status="PASS">
          <params>
            <param index="0">
              <value>
                <![CDATA[org.testng.TestRunner@5ed4bc]]>
              </value>
            </param>
          </params>
          <reporter-output>
          </reporter-output>
        </test-method> <!-- setUpClass -->
        <test-method signature="runScenario(io.cucumber.testng.PickleWrapper,io.cucumber.testng.FeatureWrapper)[pri:0, instance:cucumberOptionsRunner.TestRunner@43b6123e]" started-at="2025-03-23T10:03:17 IST" name="runScenario" description="Runs Cucumber Scenarios" data-provider="scenarios" finished-at="2025-03-23T10:03:17 IST" duration-ms="309" status="PASS">
          <params>
            <param index="0">
              <value>
                <![CDATA["GetAlert API verification"]]>
              </value>
            </param>
            <param index="1">
              <value>
                <![CDATA["Registration module GetAlert API verification"]]>
              </value>
            </param>
          </params>
          <reporter-output>
          </reporter-output>
        </test-method> <!-- runScenario -->
        <test-method is-config="true" signature="tearDownClass()[pri:0, instance:cucumberOptionsRunner.TestRunner@43b6123e]" started-at="2025-03-23T10:03:17 IST" name="tearDownClass" finished-at="2025-03-23T10:03:18 IST" duration-ms="461" status="PASS">
          <reporter-output>
          </reporter-output>
        </test-method> <!-- tearDownClass -->
      </class> <!-- cucumberOptionsRunner.TestRunner -->
    </test> <!-- Default test -->
  </suite> <!-- Default suite -->
</testng-results>
